{"/Users/georgevazquez/Desktop/Coding/pet-friend-finder/src/store/dogStore.ts": {"path":"/Users/georgevazquez/Desktop/Coding/pet-friend-finder/src/store/dogStore.ts","statementMap":{"0":{"start":{"line":1,"column":0},"end":{"line":1,"column":40}},"1":{"start":{"line":2,"column":0},"end":{"line":2,"column":33}},"2":{"start":{"line":12,"column":16},"end":{"line":25,"column":1}},"3":{"start":{"line":13,"column":38},"end":{"line":13,"column":40}},"4":{"start":{"line":14,"column":2},"end":{"line":23,"column":5}},"5":{"start":{"line":16,"column":4},"end":{"line":22,"column":null}},"6":{"start":{"line":17,"column":18},"end":{"line":17,"column":30}},"7":{"start":{"line":18,"column":6},"end":{"line":21,"column":8}},"8":{"start":{"line":24,"column":2},"end":{"line":24,"column":23}},"9":{"start":{"line":27,"column":16},"end":{"line":38,"column":1}},"10":{"start":{"line":30,"column":2},"end":{"line":37,"column":5}},"11":{"start":{"line":40,"column":20},"end":{"line":250,"column":3}},"12":{"start":{"line":40,"column":51},"end":{"line":250,"column":3}},"13":{"start":{"line":60,"column":15},"end":{"line":76,"column":null}},"14":{"start":{"line":62,"column":23},"end":{"line":68,"column":null}},"15":{"start":{"line":62,"column":12},"end":{"line":68,"column":null}},"16":{"start":{"line":69,"column":29},"end":{"line":69,"column":null}},"17":{"start":{"line":69,"column":12},"end":{"line":69,"column":null}},"18":{"start":{"line":70,"column":6},"end":{"line":72,"column":9}},"19":{"start":{"line":74,"column":6},"end":{"line":74,"column":27}},"20":{"start":{"line":78,"column":40},"end":{"line":149,"column":null}},"21":{"start":{"line":79,"column":8},"end":{"line":79,"column":61}},"22":{"start":{"line":80,"column":4},"end":{"line":92,"column":null}},"23":{"start":{"line":80,"column":14},"end":{"line":80,"column":26}},"24":{"start":{"line":81,"column":9},"end":{"line":92,"column":null}},"25":{"start":{"line":81,"column":19},"end":{"line":81,"column":31}},"26":{"start":{"line":83,"column":10},"end":{"line":83,"column":27}},"27":{"start":{"line":85,"column":8},"end":{"line":87,"column":58}},"28":{"start":{"line":86,"column":10},"end":{"line":86,"column":68}},"29":{"start":{"line":86,"column":31},"end":{"line":86,"column":67}},"30":{"start":{"line":87,"column":13},"end":{"line":87,"column":58}},"31":{"start":{"line":87,"column":24},"end":{"line":87,"column":58}},"32":{"start":{"line":84,"column":6},"end":{"line":88,"column":null}},"33":{"start":{"line":84,"column":17},"end":{"line":84,"column":29}},"34":{"start":{"line":84,"column":18},"end":{"line":84,"column":29}},"35":{"start":{"line":89,"column":12},"end":{"line":90,"column":67}},"36":{"start":{"line":91,"column":6},"end":{"line":91,"column":64}},"37":{"start":{"line":96,"column":23},"end":{"line":99,"column":null}},"38":{"start":{"line":96,"column":12},"end":{"line":99,"column":null}},"39":{"start":{"line":100,"column":38},"end":{"line":100,"column":null}},"40":{"start":{"line":100,"column":12},"end":{"line":100,"column":null}},"41":{"start":{"line":101,"column":6},"end":{"line":106,"column":9}},"42":{"start":{"line":109,"column":30},"end":{"line":109,"column":null}},"43":{"start":{"line":109,"column":14},"end":{"line":109,"column":null}},"44":{"start":{"line":110,"column":25},"end":{"line":110,"column":null}},"45":{"start":{"line":110,"column":14},"end":{"line":110,"column":null}},"46":{"start":{"line":113,"column":14},"end":{"line":113,"column":64}},"47":{"start":{"line":113,"column":49},"end":{"line":113,"column":63}},"48":{"start":{"line":115,"column":30},"end":{"line":125,"column":null}},"49":{"start":{"line":115,"column":16},"end":{"line":125,"column":null}},"50":{"start":{"line":127,"column":41},"end":{"line":127,"column":null}},"51":{"start":{"line":127,"column":16},"end":{"line":127,"column":null}},"52":{"start":{"line":128,"column":10},"end":{"line":133,"column":14}},"53":{"start":{"line":128,"column":27},"end":{"line":133,"column":13}},"54":{"start":{"line":136,"column":10},"end":{"line":138,"column":13}},"55":{"start":{"line":140,"column":10},"end":{"line":140,"column":31}},"56":{"start":{"line":143,"column":8},"end":{"line":143,"column":29}},"57":{"start":{"line":146,"column":6},"end":{"line":146,"column":27}},"58":{"start":{"line":147,"column":6},"end":{"line":147,"column":27}},"59":{"start":{"line":151,"column":30},"end":{"line":178,"column":null}},"60":{"start":{"line":153,"column":28},"end":{"line":163,"column":null}},"61":{"start":{"line":153,"column":12},"end":{"line":163,"column":null}},"62":{"start":{"line":164,"column":23},"end":{"line":164,"column":null}},"63":{"start":{"line":164,"column":12},"end":{"line":164,"column":null}},"64":{"start":{"line":165,"column":12},"end":{"line":165,"column":54}},"65":{"start":{"line":166,"column":6},"end":{"line":171,"column":10}},"66":{"start":{"line":166,"column":23},"end":{"line":171,"column":9}},"67":{"start":{"line":172,"column":6},"end":{"line":174,"column":9}},"68":{"start":{"line":176,"column":6},"end":{"line":176,"column":27}},"69":{"start":{"line":181,"column":4},"end":{"line":183,"column":7}},"70":{"start":{"line":187,"column":4},"end":{"line":193,"column":8}},"71":{"start":{"line":187,"column":21},"end":{"line":193,"column":7}},"72":{"start":{"line":197,"column":4},"end":{"line":199,"column":8}},"73":{"start":{"line":197,"column":21},"end":{"line":199,"column":7}},"74":{"start":{"line":203,"column":18},"end":{"line":203,"column":51}},"75":{"start":{"line":204,"column":14},"end":{"line":204,"column":43}},"76":{"start":{"line":205,"column":4},"end":{"line":205,"column":42}},"77":{"start":{"line":205,"column":20},"end":{"line":205,"column":42}},"78":{"start":{"line":206,"column":4},"end":{"line":208,"column":7}},"79":{"start":{"line":211,"column":36},"end":{"line":218,"column":null}},"80":{"start":{"line":212,"column":26},"end":{"line":212,"column":null}},"81":{"start":{"line":212,"column":10},"end":{"line":212,"column":null}},"82":{"start":{"line":213,"column":21},"end":{"line":213,"column":null}},"83":{"start":{"line":213,"column":10},"end":{"line":213,"column":null}},"84":{"start":{"line":214,"column":4},"end":{"line":217,"column":7}},"85":{"start":{"line":221,"column":4},"end":{"line":223,"column":8}},"86":{"start":{"line":221,"column":21},"end":{"line":223,"column":7}},"87":{"start":{"line":226,"column":14},"end":{"line":249,"column":null}},"88":{"start":{"line":228,"column":28},"end":{"line":238,"column":null}},"89":{"start":{"line":228,"column":12},"end":{"line":238,"column":null}},"90":{"start":{"line":239,"column":27},"end":{"line":239,"column":null}},"91":{"start":{"line":239,"column":12},"end":{"line":239,"column":null}},"92":{"start":{"line":240,"column":12},"end":{"line":242,"column":9}},"93":{"start":{"line":241,"column":8},"end":{"line":241,"column":38}},"94":{"start":{"line":243,"column":6},"end":{"line":245,"column":9}},"95":{"start":{"line":247,"column":6},"end":{"line":247,"column":27}},"96":{"start":{"line":252,"column":0},"end":{"line":252,"column":27}}},"fnMap":{"0":{"name":"(anonymous_16)","decl":{"start":{"line":12,"column":16},"end":{"line":12,"column":17}},"loc":{"start":{"line":12,"column":39},"end":{"line":25,"column":1}}},"1":{"name":"(anonymous_17)","decl":{"start":{"line":14,"column":21},"end":{"line":14,"column":22}},"loc":{"start":{"line":14,"column":35},"end":{"line":23,"column":3}}},"2":{"name":"(anonymous_18)","decl":{"start":{"line":27,"column":16},"end":{"line":27,"column":null}},"loc":{"start":{"line":28,"column":43},"end":{"line":38,"column":1}}},"3":{"name":"(anonymous_19)","decl":{"start":{"line":40,"column":37},"end":{"line":40,"column":38}},"loc":{"start":{"line":40,"column":46},"end":{"line":40,"column":52}}},"4":{"name":"(anonymous_20)","decl":{"start":{"line":60,"column":15},"end":{"line":60,"column":null}},"loc":{"start":{"line":60,"column":15},"end":{"line":76,"column":null}}},"5":{"name":"(anonymous_23)","decl":{"start":{"line":78,"column":13},"end":{"line":78,"column":20}},"loc":{"start":{"line":78,"column":40},"end":{"line":149,"column":null}}},"6":{"name":"(anonymous_24)","decl":{"start":{"line":78,"column":40},"end":{"line":78,"column":null}},"loc":{"start":{"line":78,"column":40},"end":{"line":149,"column":null}}},"7":{"name":"(anonymous_27)","decl":{"start":{"line":86,"column":24},"end":{"line":86,"column":27}},"loc":{"start":{"line":86,"column":27},"end":{"line":86,"column":32}}},"8":{"name":"(anonymous_28)","decl":{"start":{"line":113,"column":34},"end":{"line":113,"column":35}},"loc":{"start":{"line":113,"column":44},"end":{"line":113,"column":53}}},"9":{"name":"(anonymous_29)","decl":{"start":{"line":128,"column":14},"end":{"line":128,"column":23}},"loc":{"start":{"line":128,"column":23},"end":{"line":128,"column":28}}},"10":{"name":"(anonymous_30)","decl":{"start":{"line":151,"column":18},"end":{"line":151,"column":24}},"loc":{"start":{"line":151,"column":30},"end":{"line":178,"column":null}}},"11":{"name":"(anonymous_31)","decl":{"start":{"line":151,"column":30},"end":{"line":151,"column":null}},"loc":{"start":{"line":151,"column":30},"end":{"line":178,"column":null}}},"12":{"name":"(anonymous_33)","decl":{"start":{"line":166,"column":10},"end":{"line":166,"column":19}},"loc":{"start":{"line":166,"column":19},"end":{"line":166,"column":24}}},"13":{"name":"(anonymous_34)","decl":{"start":{"line":180,"column":13},"end":{"line":180,"column":null}},"loc":{"start":{"line":180,"column":13},"end":{"line":184,"column":3}}},"14":{"name":"(anonymous_35)","decl":{"start":{"line":186,"column":16},"end":{"line":186,"column":17}},"loc":{"start":{"line":186,"column":27},"end":{"line":194,"column":3}}},"15":{"name":"(anonymous_36)","decl":{"start":{"line":187,"column":8},"end":{"line":187,"column":17}},"loc":{"start":{"line":187,"column":17},"end":{"line":187,"column":22}}},"16":{"name":"(anonymous_37)","decl":{"start":{"line":196,"column":18},"end":{"line":196,"column":20}},"loc":{"start":{"line":196,"column":20},"end":{"line":200,"column":3}}},"17":{"name":"(anonymous_38)","decl":{"start":{"line":197,"column":8},"end":{"line":197,"column":17}},"loc":{"start":{"line":197,"column":17},"end":{"line":197,"column":22}}},"18":{"name":"(anonymous_39)","decl":{"start":{"line":202,"column":21},"end":{"line":202,"column":23}},"loc":{"start":{"line":202,"column":23},"end":{"line":209,"column":3}}},"19":{"name":"(anonymous_40)","decl":{"start":{"line":211,"column":18},"end":{"line":211,"column":24}},"loc":{"start":{"line":211,"column":36},"end":{"line":218,"column":null}}},"20":{"name":"(anonymous_41)","decl":{"start":{"line":211,"column":36},"end":{"line":211,"column":null}},"loc":{"start":{"line":211,"column":36},"end":{"line":218,"column":null}}},"21":{"name":"(anonymous_43)","decl":{"start":{"line":220,"column":28},"end":{"line":220,"column":null}},"loc":{"start":{"line":220,"column":28},"end":{"line":224,"column":3}}},"22":{"name":"(anonymous_44)","decl":{"start":{"line":221,"column":8},"end":{"line":221,"column":17}},"loc":{"start":{"line":221,"column":17},"end":{"line":221,"column":22}}},"23":{"name":"(anonymous_45)","decl":{"start":{"line":226,"column":14},"end":{"line":226,"column":null}},"loc":{"start":{"line":226,"column":14},"end":{"line":249,"column":null}}},"24":{"name":"(anonymous_48)","decl":{"start":{"line":240,"column":58},"end":{"line":240,"column":61}},"loc":{"start":{"line":240,"column":61},"end":{"line":242,"column":7}}}},"branchMap":{"0":{"loc":{"start":{"line":16,"column":4},"end":{"line":22,"column":null}},"type":"if","locations":[{"start":{"line":16,"column":4},"end":{"line":22,"column":null}}]},"1":{"loc":{"start":{"line":80,"column":4},"end":{"line":92,"column":null}},"type":"if","locations":[{"start":{"line":80,"column":4},"end":{"line":92,"column":null}},{"start":{"line":81,"column":9},"end":{"line":92,"column":null}}]},"2":{"loc":{"start":{"line":81,"column":9},"end":{"line":92,"column":null}},"type":"if","locations":[{"start":{"line":81,"column":9},"end":{"line":92,"column":null}},{"start":{"line":82,"column":9},"end":{"line":92,"column":null}}]},"3":{"loc":{"start":{"line":85,"column":8},"end":{"line":87,"column":58}},"type":"if","locations":[{"start":{"line":85,"column":8},"end":{"line":87,"column":58}},{"start":{"line":87,"column":13},"end":{"line":87,"column":58}}]},"4":{"loc":{"start":{"line":87,"column":13},"end":{"line":87,"column":58}},"type":"if","locations":[{"start":{"line":87,"column":13},"end":{"line":87,"column":58}}]},"5":{"loc":{"start":{"line":91,"column":25},"end":{"line":91,"column":61}},"type":"cond-expr","locations":[{"start":{"line":91,"column":39},"end":{"line":91,"column":56}},{"start":{"line":91,"column":59},"end":{"line":91,"column":61}}]},"6":{"loc":{"start":{"line":205,"column":4},"end":{"line":205,"column":42}},"type":"if","locations":[{"start":{"line":205,"column":4},"end":{"line":205,"column":42}}]},"7":{"loc":{"start":{"line":212,"column":26},"end":{"line":212,"column":null}},"type":"switch","locations":[{"start":{"line":212,"column":26},"end":{"line":212,"column":null}}]}},"s":{"0":1,"1":1,"2":1,"3":0,"4":0,"5":0,"6":0,"7":0,"8":0,"9":1,"10":0,"11":1,"12":1,"13":0,"14":0,"15":0,"16":0,"17":0,"18":0,"19":0,"20":0,"21":0,"22":0,"23":0,"24":0,"25":0,"26":0,"27":0,"28":0,"29":0,"30":0,"31":0,"32":0,"33":0,"34":0,"35":0,"36":0,"37":0,"38":0,"39":0,"40":0,"41":0,"42":0,"43":0,"44":0,"45":0,"46":0,"47":0,"48":0,"49":0,"50":0,"51":0,"52":0,"53":0,"54":0,"55":0,"56":0,"57":0,"58":0,"59":0,"60":0,"61":0,"62":0,"63":0,"64":0,"65":0,"66":0,"67":0,"68":0,"69":0,"70":0,"71":0,"72":0,"73":0,"74":0,"75":0,"76":0,"77":0,"78":0,"79":0,"80":0,"81":0,"82":0,"83":0,"84":0,"85":0,"86":0,"87":0,"88":0,"89":0,"90":0,"91":0,"92":0,"93":0,"94":0,"95":0,"96":1},"f":{"0":0,"1":0,"2":0,"3":1,"4":0,"5":0,"6":0,"7":0,"8":0,"9":0,"10":0,"11":0,"12":0,"13":0,"14":0,"15":0,"16":0,"17":0,"18":0,"19":0,"20":0,"21":0,"22":0,"23":0,"24":0},"b":{"0":[0],"1":[0,0],"2":[0,0],"3":[0,0],"4":[0],"5":[0,0],"6":[0],"7":[0]}}
}
