TN:
SF:src/store/dogStore.ts
FN:12,(anonymous_16)
FN:14,(anonymous_17)
FN:27,(anonymous_18)
FN:40,(anonymous_19)
FN:60,(anonymous_20)
FN:78,(anonymous_23)
FN:78,(anonymous_24)
FN:86,(anonymous_27)
FN:113,(anonymous_28)
FN:128,(anonymous_29)
FN:151,(anonymous_30)
FN:151,(anonymous_31)
FN:166,(anonymous_33)
FN:180,(anonymous_34)
FN:186,(anonymous_35)
FN:187,(anonymous_36)
FN:196,(anonymous_37)
FN:197,(anonymous_38)
FN:202,(anonymous_39)
FN:211,(anonymous_40)
FN:211,(anonymous_41)
FN:220,(anonymous_43)
FN:221,(anonymous_44)
FN:226,(anonymous_45)
FN:240,(anonymous_48)
FNF:25
FNH:1
FNDA:0,(anonymous_16)
FNDA:0,(anonymous_17)
FNDA:0,(anonymous_18)
FNDA:1,(anonymous_19)
FNDA:0,(anonymous_20)
FNDA:0,(anonymous_23)
FNDA:0,(anonymous_24)
FNDA:0,(anonymous_27)
FNDA:0,(anonymous_28)
FNDA:0,(anonymous_29)
FNDA:0,(anonymous_30)
FNDA:0,(anonymous_31)
FNDA:0,(anonymous_33)
FNDA:0,(anonymous_34)
FNDA:0,(anonymous_35)
FNDA:0,(anonymous_36)
FNDA:0,(anonymous_37)
FNDA:0,(anonymous_38)
FNDA:0,(anonymous_39)
FNDA:0,(anonymous_40)
FNDA:0,(anonymous_41)
FNDA:0,(anonymous_43)
FNDA:0,(anonymous_44)
FNDA:0,(anonymous_45)
FNDA:0,(anonymous_48)
DA:1,1
DA:2,1
DA:12,1
DA:13,0
DA:14,0
DA:16,0
DA:17,0
DA:18,0
DA:24,0
DA:27,1
DA:30,0
DA:40,1
DA:60,0
DA:62,0
DA:69,0
DA:70,0
DA:74,0
DA:78,0
DA:79,0
DA:80,0
DA:81,0
DA:83,0
DA:84,0
DA:85,0
DA:86,0
DA:87,0
DA:89,0
DA:91,0
DA:96,0
DA:100,0
DA:101,0
DA:109,0
DA:110,0
DA:113,0
DA:115,0
DA:127,0
DA:128,0
DA:136,0
DA:140,0
DA:143,0
DA:146,0
DA:147,0
DA:151,0
DA:153,0
DA:164,0
DA:165,0
DA:166,0
DA:172,0
DA:176,0
DA:181,0
DA:187,0
DA:197,0
DA:203,0
DA:204,0
DA:205,0
DA:206,0
DA:211,0
DA:212,0
DA:213,0
DA:214,0
DA:221,0
DA:226,0
DA:228,0
DA:239,0
DA:240,0
DA:241,0
DA:243,0
DA:247,0
DA:252,1
LF:69
LH:6
BRDA:16,0,0,0
BRDA:80,1,0,0
BRDA:80,1,1,0
BRDA:81,2,0,0
BRDA:81,2,1,0
BRDA:85,3,0,0
BRDA:85,3,1,0
BRDA:87,4,0,0
BRDA:91,5,0,0
BRDA:91,5,1,0
BRDA:205,6,0,0
BRDA:212,7,0,0
BRF:12
BRH:0
end_of_record
